<?xml version="1.0" encoding="utf-8" standalone="no"?>
<!--This file represents the results of running a test suite-->
<test-results name="C:\Users\ahzf\Documents\Visual Studio 2010\Projects\GitHub\blueprints.NET\UnitTests\blueprints.nunit" total="1" errors="0" failures="0" not-run="1" inconclusive="0" ignored="1" skipped="0" invalid="0" date="2010-12-16" time="00:08:43">
  <environment nunit-version="2.5.9.10348" clr-version="2.0.50727.4952" os-version="Microsoft Windows NT 6.1.7600.0" platform="Win32NT" cwd="C:\Users\ahzf\Documents\Visual Studio 2010\Projects\GitHub\NUnit-2.5.9.10348\NUnit-2.5.9.10348\bin\net-2.0" machine-name="QUADQUANTOR" user="ahzf" user-domain="quadquantor" />
  <culture-info current-culture="de-DE" current-uiculture="en-US" />
  <test-suite type="Project" name="C:\Users\ahzf\Documents\Visual Studio 2010\Projects\GitHub\blueprints.NET\UnitTests\blueprints.nunit" executed="True" result="Success" success="True" time="0.159" asserts="0">
    <results>
      <test-suite type="Assembly" name="C:\Users\ahzf\Documents\Visual Studio 2010\Projects\GitHub\blueprints.NET\UnitTests\bin\Debug\UnitTests.dll" executed="True" result="Success" success="True" time="0.140" asserts="0">
        <results>
          <test-suite type="Namespace" name="de" executed="True" result="Success" success="True" time="0.137" asserts="0">
            <results>
              <test-suite type="Namespace" name="ahzf" executed="True" result="Success" success="True" time="0.135" asserts="0">
                <results>
                  <test-suite type="Namespace" name="blueprints" executed="True" result="Success" success="True" time="0.133" asserts="0">
                    <results>
                      <test-suite type="Namespace" name="UnitTests" executed="True" result="Success" success="True" time="0.130" asserts="0">
                        <results>
                          <test-suite type="TestFixture" name="InMemoryGraphTests" executed="True" result="Success" success="True" time="0.128" asserts="0">
                            <results>
                              <test-case name="de.ahzf.blueprints.UnitTests.InMemoryGraphTests.GraphInit" executed="True" result="Success" success="True" time="0.106" asserts="2" />
                              <test-case name="de.ahzf.blueprints.UnitTests.InMemoryGraphTests.GraphInit2" executed="False" result="Ignored">
                                <reason>
                                  <message><![CDATA[Decide how to implement transaction management]]></message>
                                </reason>
                              </test-case>
                            </results>
                          </test-suite>
                        </results>
                      </test-suite>
                    </results>
                  </test-suite>
                </results>
              </test-suite>
            </results>
          </test-suite>
        </results>
      </test-suite>
    </results>
  </test-suite>
</test-results>